app/build/intermediates/manifest_merge_blame_file/release/processReleaseMainManifest/manifest-merger-blame-release-report.txt
1<?xml version="1.0" encoding="utf-8"?>
2<manifest xmlns:android="http://schemas.android.com/apk/res/android"
3    package="com.anups.earntrack"
4    android:versionCode="2"
5    android:versionName="1.1" >
6
7    <uses-sdk
8        android:minSdkVersion="23"
9        android:targetSdkVersion="36" />
10
11    <application
11-->src\main\AndroidManifest.xml:2:5-20:19
12        android:allowBackup="true"
12-->src\main\AndroidManifest.xml:3:9-35
13        android:dataExtractionRules="@xml/data_extraction_rules"
13-->src\main\AndroidManifest.xml:4:9-65
14        android:extractNativeLibs="false"
15        android:fullBackupContent="@xml/backup_rules"
15-->src\main\AndroidManifest.xml:5:9-54
16        android:icon="@mipmap/ic_launcher"
16-->src\main\AndroidManifest.xml:6:9-43
17        android:label="@string/app_name"
17-->src\main\AndroidManifest.xml:7:9-41
18        android:roundIcon="@mipmap/ic_launcher_round"
18-->src\main\AndroidManifest.xml:8:9-54
19        android:supportsRtl="true"
19-->src\main\AndroidManifest.xml:9:9-35
20        android:theme="@style/AppTheme" >
20-->src\main\AndroidManifest.xml:10:9-40
21        <activity
21-->src\main\AndroidManifest.xml:11:9-19:20
22            android:name="com.anups.earntrack.MainActivity"
22-->src\main\AndroidManifest.xml:12:13-41
23            android:exported="true"
23-->src\main\AndroidManifest.xml:13:13-36
24            android:screenOrientation="portrait" >
24-->src\main\AndroidManifest.xml:14:13-49
25            <intent-filter>
25-->src\main\AndroidManifest.xml:15:13-18:29
26                <action android:name="android.intent.action.MAIN" />
26-->src\main\AndroidManifest.xml:16:17-69
26-->src\main\AndroidManifest.xml:16:25-66
27
28                <category android:name="android.intent.category.LAUNCHER" />
28-->src\main\AndroidManifest.xml:17:17-77
28-->src\main\AndroidManifest.xml:17:27-74
29            </intent-filter>
30        </activity>
31    </application>
32
33</manifest>